[    0.000000] Linux version 4.15.0-163-generic (buildd@lcy01-amd64-021) (gcc version 7.5.0 (Ubuntu 7.5.0-3ubuntu1~18.04)) #171-Ubuntu SMP Fri Nov 5 11:55:11 UTC 2021 (Ubuntu 4.15.0-163.171-generic 4.15.18)
[    0.000000] Command line: BOOT_IMAGE=/boot/vmlinuz-4.15.0-163-generic root=LABEL=cloudimg-rootfs ro console=tty1 console=ttyS0
[    0.000000] KERNEL supported cpus:
[    0.000000]   Intel GenuineIntel
[    0.000000]   AMD AuthenticAMD
[    0.000000]   Centaur CentaurHauls
[    0.000000] [Firmware Bug]: TSC doesn't count with P0 frequency!
[    0.000000] x86/fpu: Supporting XSAVE feature 0x001: 'x87 floating point registers'
[    0.000000] x86/fpu: Supporting XSAVE feature 0x002: 'SSE registers'
[    0.000000] x86/fpu: Supporting XSAVE feature 0x004: 'AVX registers'
[    0.000000] x86/fpu: xstate_offset[2]:  576, xstate_sizes[2]:  256
[    0.000000] x86/fpu: Enabled xstate features 0x7, context size is 832 bytes, using 'standard' format.
[    0.000000] e820: BIOS-provided physical RAM map:
[    0.000000] BIOS-e820: [mem 0x0000000000000000-0x000000000009fbff] usable
[    0.000000] BIOS-e820: [mem 0x000000000009fc00-0x000000000009ffff] reserved
[    0.000000] BIOS-e820: [mem 0x00000000000f0000-0x00000000000fffff] reserved
[    0.000000] BIOS-e820: [mem 0x0000000000100000-0x000000003ffeffff] usable
[    0.000000] BIOS-e820: [mem 0x000000003fff0000-0x000000003fffffff] ACPI data
[    0.000000] BIOS-e820: [mem 0x00000000fec00000-0x00000000fec00fff] reserved
[    0.000000] BIOS-e820: [mem 0x00000000fee00000-0x00000000fee00fff] reserved
[    0.000000] BIOS-e820: [mem 0x00000000fffc0000-0x00000000ffffffff] reserved
[    0.000000] NX (Execute Disable) protection: active
[    0.000000] SMBIOS 2.5 present.
[    0.000000] DMI: innotek GmbH VirtualBox/VirtualBox, BIOS VirtualBox 12/01/2006
[    0.000000] Hypervisor detected: KVM
[    0.000000] e820: last_pfn = 0x3fff0 max_arch_pfn = 0x400000000
[    0.000000] MTRR: Disabled
[    0.000000] x86/PAT: MTRRs disabled, skipping PAT initialization too.
[    0.000000] CPU MTRRs all blank - virtualized system.
[    0.000000] x86/PAT: Configuration [0-7]: WB  WT  UC- UC  WB  WT  UC- UC  
[    0.000000] found SMP MP-table at [mem 0x0009fff0-0x0009ffff]
[    0.000000] Scanning 1 areas for low memory corruption
[    0.000000] RAMDISK: [mem 0x359c7000-0x36cdafff]
[    0.000000] ACPI: Early table checksum verification disabled
[    0.000000] ACPI: RSDP 0x00000000000E0000 000024 (v02 VBOX  )
[    0.000000] ACPI: XSDT 0x000000003FFF0030 00003C (v01 VBOX   VBOXXSDT 00000001 ASL  00000061)
[    0.000000] ACPI: FACP 0x000000003FFF00F0 0000F4 (v04 VBOX   VBOXFACP 00000001 ASL  00000061)
[    0.000000] ACPI: DSDT 0x000000003FFF0470 002325 (v02 VBOX   VBOXBIOS 00000002 INTL 20100528)
[    0.000000] ACPI: FACS 0x000000003FFF0200 000040
[    0.000000] ACPI: FACS 0x000000003FFF0200 000040
[    0.000000] ACPI: APIC 0x000000003FFF0240 00005C (v02 VBOX   VBOXAPIC 00000001 ASL  00000061)
[    0.000000] ACPI: SSDT 0x000000003FFF02A0 0001CC (v01 VBOX   VBOXCPUT 00000002 INTL 20100528)
[    0.000000] ACPI: Reserving FACP table memory at [mem 0x3fff00f0-0x3fff01e3]
[    0.000000] ACPI: Reserving DSDT table memory at [mem 0x3fff0470-0x3fff2794]
[    0.000000] ACPI: Reserving FACS table memory at [mem 0x3fff0200-0x3fff023f]
[    0.000000] ACPI: Reserving FACS table memory at [mem 0x3fff0200-0x3fff023f]
[    0.000000] ACPI: Reserving APIC table memory at [mem 0x3fff0240-0x3fff029b]
[    0.000000] ACPI: Reserving SSDT table memory at [mem 0x3fff02a0-0x3fff046b]
[    0.000000] No NUMA configuration found
[    0.000000] Faking a node at [mem 0x0000000000000000-0x000000003ffeffff]
[    0.000000] NODE_DATA(0) allocated [mem 0x3ffc5000-0x3ffeffff]
[    0.000000] kvm-clock: cpu 0, msr 0:3ff44001, primary cpu clock
[    0.000000] kvm-clock: Using msrs 4b564d01 and 4b564d00
[    0.000000] kvm-clock: using sched offset of 3176921311 cycles
[    0.000000] clocksource: kvm-clock: mask: 0xffffffffffffffff max_cycles: 0x1cd42e4dffb, max_idle_ns: 881590591483 ns
[    0.000000] Zone ranges:
[    0.000000]   DMA      [mem 0x0000000000001000-0x0000000000ffffff]
[    0.000000]   DMA32    [mem 0x0000000001000000-0x000000003ffeffff]
[    0.000000]   Normal   empty
[    0.000000]   Device   empty
[    0.000000] Movable zone start for each node
[    0.000000] Early memory node ranges
[    0.000000]   node   0: [mem 0x0000000000001000-0x000000000009efff]
[    0.000000]   node   0: [mem 0x0000000000100000-0x000000003ffeffff]
[    0.000000] Reserved but unavailable: 104 pages
[    0.000000] Initmem setup node 0 [mem 0x0000000000001000-0x000000003ffeffff]
[    0.000000] ACPI: PM-Timer IO Port: 0x4008
[    0.000000] IOAPIC[0]: apic_id 2, version 32, address 0xfec00000, GSI 0-23
[    0.000000] ACPI: INT_SRC_OVR (bus 0 bus_irq 0 global_irq 2 dfl dfl)
[    0.000000] ACPI: INT_SRC_OVR (bus 0 bus_irq 9 global_irq 9 low level)
[    0.000000] Using ACPI (MADT) for SMP configuration information
[    0.000000] smpboot: Allowing 2 CPUs, 0 hotplug CPUs
[    0.000000] PM: Registered nosave memory: [mem 0x00000000-0x00000fff]
[    0.000000] PM: Registered nosave memory: [mem 0x0009f000-0x0009ffff]
[    0.000000] PM: Registered nosave memory: [mem 0x000a0000-0x000effff]
[    0.000000] PM: Registered nosave memory: [mem 0x000f0000-0x000fffff]
[    0.000000] e820: [mem 0x40000000-0xfebfffff] available for PCI devices
[    0.000000] Booting paravirtualized kernel on KVM
[    0.000000] clocksource: refined-jiffies: mask: 0xffffffff max_cycles: 0xffffffff, max_idle_ns: 7645519600211568 ns
[    0.000000] random: get_random_bytes called from start_kernel+0x99/0x500 with crng_init=0
[    0.000000] setup_percpu: NR_CPUS:8192 nr_cpumask_bits:2 nr_cpu_ids:2 nr_node_ids:1
[    0.000000] percpu: Embedded 45 pages/cpu s147456 r8192 d28672 u1048576
[    0.000000] PV qspinlock hash table entries: 256 (order: 0, 4096 bytes)
[    0.000000] Built 1 zonelists, mobility grouping on.  Total pages: 257913
[    0.000000] Policy zone: DMA32
[    0.000000] Kernel command line: BOOT_IMAGE=/boot/vmlinuz-4.15.0-163-generic root=LABEL=cloudimg-rootfs ro console=tty1 console=ttyS0
[    0.000000] Memory: 982700K/1048120K available (12300K kernel code, 2483K rwdata, 4320K rodata, 2448K init, 2724K bss, 65420K reserved, 0K cma-reserved)
[    0.000000] SLUB: HWalign=64, Order=0-3, MinObjects=0, CPUs=2, Nodes=1
[    0.000000] ftrace: allocating 39476 entries in 155 pages
[    0.004000] Hierarchical RCU implementation.
[    0.004000] 	RCU restricting CPUs from NR_CPUS=8192 to nr_cpu_ids=2.
[    0.004000] 	Tasks RCU enabled.
[    0.004000] RCU: Adjusting geometry for rcu_fanout_leaf=16, nr_cpu_ids=2
[    0.004000] NR_IRQS: 524544, nr_irqs: 440, preallocated irqs: 16
[    0.004000] Console: colour VGA+ 80x25
[    0.004000] console [tty1] enabled
[    0.004000] console [ttyS0] enabled
[    0.004000] ACPI: Core revision 20170831
[    0.004000] ACPI: 2 ACPI AML tables successfully acquired and loaded
[    0.004000] APIC: Switch to symmetric I/O mode setup
[    0.004000] x2apic enabled
[    0.004000] Switched APIC routing to physical x2apic.
[    0.004000] ..TIMER: vector=0x30 apic1=0 pin1=2 apic2=-1 pin2=-1
[    0.004000] tsc: Detected 3293.808 MHz processor
[    0.004000] Calibrating delay loop (skipped) preset value.. 6587.61 BogoMIPS (lpj=13175232)
[    0.004000] pid_max: default: 32768 minimum: 301
[    0.004000] Security Framework initialized
[    0.004000] Yama: becoming mindful.
[    0.004000] AppArmor: AppArmor initialized
[    0.004000] Dentry cache hash table entries: 131072 (order: 8, 1048576 bytes)
[    0.004000] Inode-cache hash table entries: 65536 (order: 7, 524288 bytes)
[    0.004000] Mount-cache hash table entries: 2048 (order: 2, 16384 bytes)
[    0.004000] Mountpoint-cache hash table entries: 2048 (order: 2, 16384 bytes)
[    0.004000] Last level iTLB entries: 4KB 512, 2MB 512, 4MB 256
[    0.004000] Last level dTLB entries: 4KB 2048, 2MB 2048, 4MB 1024, 1GB 0
[    0.004000] Spectre V1 : Mitigation: usercopy/swapgs barriers and __user pointer sanitization
[    0.004000] Spectre V2 : Spectre mitigation: LFENCE not serializing, switching to generic retpoline
[    0.004000] Spectre V2 : Mitigation: Full generic retpoline
[    0.004000] Spectre V2 : Spectre v2 / SpectreRSB mitigation: Filling RSB on context switch
[    0.004000] Speculative Store Bypass: Vulnerable
[    0.004000] Freeing SMP alternatives memory: 36K
[    0.118632] APIC calibration not consistent with PM-Timer: 108ms instead of 100ms
[    0.119520] APIC delta adjusted to PM-Timer: 6408646 (6955904)
[    0.120053] smpboot: CPU0: AMD Ryzen 5 5600H with Radeon Graphics (family: 0x19, model: 0x50, stepping: 0x0)
[    0.121217] Performance Events: PMU not available due to virtualization, using software events only.
[    0.122267] Hierarchical SRCU implementation.
[    0.123295] NMI watchdog: Perf event create on CPU 0 failed with -2
[    0.124001] NMI watchdog: Perf NMI watchdog permanently disabled
[    0.124708] smp: Bringing up secondary CPUs ...
[    0.125307] x86: Booting SMP configuration:
[    0.125804] .... node  #0, CPUs:      #1
[    0.004000] kvm-clock: cpu 1, msr 0:3ff44041, secondary cpu clock
[    0.128014] smp: Brought up 1 node, 2 CPUs
[    0.128502] smpboot: Max logical packages: 1
[    0.129005] smpboot: Total of 2 processors activated (13175.23 BogoMIPS)
[    0.129802] devtmpfs: initialized
[    0.129802] x86/mm: Memory block size: 128MB
[    0.129802] evm: security.selinux
[    0.129802] evm: security.SMACK64
[    0.132006] evm: security.SMACK64EXEC
[    0.132456] evm: security.SMACK64TRANSMUTE
[    0.132951] evm: security.SMACK64MMAP
[    0.133396] evm: security.apparmor
[    0.133813] evm: security.ima
[    0.134191] evm: security.capability
[    0.134637] clocksource: jiffies: mask: 0xffffffff max_cycles: 0xffffffff, max_idle_ns: 7645041785100000 ns
[    0.134637] futex hash table entries: 512 (order: 3, 32768 bytes)
[    0.134637] pinctrl core: initialized pinctrl subsystem
[    0.136956] RTC time: 18:10:14, date: 02/13/22
[    0.137606] NET: Registered protocol family 16
[    0.138178] audit: initializing netlink subsys (disabled)
[    0.140020] audit: type=2000 audit(1644775819.367:1): state=initialized audit_enabled=0 res=1
[    0.141275] cpuidle: using governor ladder
[    0.141275] cpuidle: using governor menu
[    0.141275] ACPI: bus type PCI registered
[    0.141275] acpiphp: ACPI Hot Plug PCI Controller Driver version: 0.5
[    0.141324] PCI: Using configuration type 1 for base access
[    0.141945] PCI: Using configuration type 1 for extended access
[    0.144535] HugeTLB registered 2.00 MiB page size, pre-allocated 0 pages
[    0.144766] ACPI: Added _OSI(Module Device)
[    0.144766] ACPI: Added _OSI(Processor Device)
[    0.145073] ACPI: Added _OSI(3.0 _SCP Extensions)
[    0.145619] ACPI: Added _OSI(Processor Aggregator Device)
[    0.148006] ACPI: Added _OSI(Linux-Dell-Video)
[    0.148526] ACPI: Added _OSI(Linux-Lenovo-NV-HDMI-Audio)
[    0.149127] ACPI: Added _OSI(Linux-HPI-Hybrid-Graphics)
[    0.149907] ACPI: Executed 1 blocks of module-level executable AML code
[    0.152731] ACPI: Interpreter enabled
[    0.153199] ACPI: (supports S0 S5)
[    0.153618] ACPI: Using IOAPIC for interrupt routing
[    0.154324] PCI: Using host bridge windows from ACPI; if necessary, use "pci=nocrs" and report a bug
[    0.155461] ACPI: Enabled 2 GPEs in block 00 to 07
[    0.159626] ACPI: PCI Root Bridge [PCI0] (domain 0000 [bus 00-ff])
[    0.160005] acpi PNP0A03:00: _OSC: OS supports [ExtendedConfig ASPM ClockPM Segments MSI]
[    0.161463] acpi PNP0A03:00: _OSC: platform does not support [PCIeCapability]
[    0.162546] acpi PNP0A03:00: _OSC: not requesting control; platform does not support [PCIeCapability]
[    0.163598] acpi PNP0A03:00: _OSC: OS requested [PCIeHotplug PME AER PCIeCapability]
[    0.164002] acpi PNP0A03:00: _OSC: platform willing to grant [PCIeHotplug PME AER]
[    0.164870] acpi PNP0A03:00: _OSC failed (AE_SUPPORT); disabling ASPM
[    0.165818] PCI host bridge to bus 0000:00
[    0.166307] pci_bus 0000:00: root bus resource [io  0x0000-0x0cf7 window]
[    0.168002] pci_bus 0000:00: root bus resource [io  0x0d00-0xffff window]
[    0.168750] pci_bus 0000:00: root bus resource [mem 0x000a0000-0x000bffff window]
[    0.169591] pci_bus 0000:00: root bus resource [mem 0x40000000-0xfdffffff window]
[    0.170437] pci_bus 0000:00: root bus resource [bus 00-ff]
[    0.172834] pci 0000:00:01.1: legacy IDE quirk: reg 0x10: [io  0x01f0-0x01f7]
[    0.173592] pci 0000:00:01.1: legacy IDE quirk: reg 0x14: [io  0x03f6]
[    0.174289] pci 0000:00:01.1: legacy IDE quirk: reg 0x18: [io  0x0170-0x0177]
[    0.175050] pci 0000:00:01.1: legacy IDE quirk: reg 0x1c: [io  0x0376]
[    0.183225] pci 0000:00:07.0: quirk: [io  0x4000-0x403f] claimed by PIIX4 ACPI
[    0.184004] pci 0000:00:07.0: quirk: [io  0x4100-0x410f] claimed by PIIX4 SMB
[    0.188020] ACPI: PCI Interrupt Link [LNKA] (IRQs 5 9 10 *11)
[    0.188868] ACPI: PCI Interrupt Link [LNKB] (IRQs 5 9 *10 11)
[    0.189626] ACPI: PCI Interrupt Link [LNKC] (IRQs 5 *9 10 11)
[    0.190361] ACPI: PCI Interrupt Link [LNKD] (IRQs 5 9 10 *11)
[    0.191260] SCSI subsystem initialized
[    0.192039] pci 0000:00:02.0: vgaarb: setting as boot VGA device
[    0.192695] pci 0000:00:02.0: vgaarb: VGA device added: decodes=io+mem,owns=io+mem,locks=none
[    0.192695] pci 0000:00:02.0: vgaarb: bridge control possible
[    0.192695] vgaarb: loaded
[    0.193019] ACPI: bus type USB registered
[    0.193510] usbcore: registered new interface driver usbfs
[    0.194128] usbcore: registered new interface driver hub
[    0.194727] usbcore: registered new device driver usb
[    0.196030] EDAC MC: Ver: 3.0.0
[    0.196680] PCI: Using ACPI for IRQ routing
[    0.196692] NetLabel: Initializing
[    0.197111] NetLabel:  domain hash size = 128
[    0.197612] NetLabel:  protocols = UNLABELED CIPSOv4 CALIPSO
[    0.198256] NetLabel:  unlabeled traffic allowed by default
[    0.200065] clocksource: Switched to clocksource kvm-clock
[    0.209474] VFS: Disk quotas dquot_6.6.0
[    0.209973] VFS: Dquot-cache hash table entries: 512 (order 0, 4096 bytes)
[    0.210783] AppArmor: AppArmor Filesystem Enabled
[    0.211340] pnp: PnP ACPI init
[    0.212335] pnp: PnP ACPI: found 3 devices
[    0.220998] clocksource: acpi_pm: mask: 0xffffff max_cycles: 0xffffff, max_idle_ns: 2085701024 ns
[    0.222132] NET: Registered protocol family 2
[    0.222676] IP idents hash table entries: 16384 (order: 5, 131072 bytes)
[    0.223509] TCP established hash table entries: 8192 (order: 4, 65536 bytes)
[    0.224081] TCP bind hash table entries: 8192 (order: 5, 131072 bytes)
[    0.225023] TCP: Hash tables configured (established 8192 bind 8192)
[    0.225748] UDP hash table entries: 512 (order: 2, 16384 bytes)
[    0.226416] UDP-Lite hash table entries: 512 (order: 2, 16384 bytes)
[    0.227141] NET: Registered protocol family 1
[    0.227660] pci 0000:00:00.0: Limiting direct PCI/PCI transfers
[    0.228336] pci 0000:00:01.0: Activating ISA DMA hang workarounds
[    0.229011] pci 0000:00:02.0: Video device with shadowed ROM at [mem 0x000c0000-0x000dffff]
[    0.229011] Unpacking initramfs...
[    0.229011] Freeing initrd memory: 19536K
[    0.229011] clocksource: tsc: mask: 0xffffffffffffffff max_cycles: 0x2f7a7357994, max_idle_ns: 440795345789 ns
[    0.229011] platform rtc_cmos: registered platform RTC device (no PNP device found)
[    0.229011] Scanning for low memory corruption every 60 seconds
[    0.420414] Initialise system trusted keyrings
[    0.420940] Key type blacklist registered
[    0.421454] workingset: timestamp_bits=36 max_order=18 bucket_order=0
[    0.422756] zbud: loaded
[    0.423421] squashfs: version 4.0 (2009/01/31) Phillip Lougher
[    0.424386] fuse init (API version 7.26)
[    0.427514] Key type asymmetric registered
[    0.428030] Asymmetric key parser 'x509' registered
[    0.428617] Block layer SCSI generic (bsg) driver version 0.4 loaded (major 246)
[    0.429562] io scheduler noop registered
[    0.430122] io scheduler deadline registered
[    0.430678] io scheduler cfq registered (default)
[    0.431496] ACPI: AC Adapter [AC] (on-line)
[    0.432051] input: Power Button as /devices/LNXSYSTM:00/LNXPWRBN:00/input/input0
[    0.432933] ACPI: Power Button [PWRF]
[    0.433417] input: Sleep Button as /devices/LNXSYSTM:00/LNXSLPBN:00/input/input1
[    0.434238] ACPI: Sleep Button [SLPF]
[    0.434883] Serial: 8250/16550 driver, 32 ports, IRQ sharing enabled
[    0.435274] ACPI: Battery Slot [BAT0] (battery present)
[    0.456415] 00:02: ttyS0 at I/O 0x3f8 (irq = 4, base_baud = 115200) is a 16550A
[    0.459147] Linux agpgart interface v0.103
[    0.461589] loop: module loaded
[    0.462370] scsi host0: ata_piix
[    0.462905] scsi host1: ata_piix
[    0.463328] ata1: PATA max UDMA/33 cmd 0x1f0 ctl 0x3f6 bmdma 0xd000 irq 14
[    0.464064] ata2: PATA max UDMA/33 cmd 0x170 ctl 0x376 bmdma 0xd008 irq 15
[    0.465022] libphy: Fixed MDIO Bus: probed
[    0.465508] tun: Universal TUN/TAP device driver, 1.6
[    0.466122] PPP generic driver version 2.4.2
[    0.466662] ehci_hcd: USB 2.0 'Enhanced' Host Controller (EHCI) Driver
[    0.467376] ehci-pci: EHCI PCI platform driver
[    0.467897] ehci-platform: EHCI generic platform driver
[    0.468494] ohci_hcd: USB 1.1 'Open' Host Controller (OHCI) Driver
[    0.469182] ohci-pci: OHCI PCI platform driver
[    0.469694] ohci-platform: OHCI generic platform driver
[    0.470281] uhci_hcd: USB Universal Host Controller Interface driver
[    0.471000] i8042: PNP: PS/2 Controller [PNP0303:PS2K,PNP0f03:PS2M] at 0x60,0x64 irq 1,12
[    0.472354] serio: i8042 KBD port at 0x60,0x64 irq 1
[    0.473132] serio: i8042 AUX port at 0x60,0x64 irq 12
[    0.473959] mousedev: PS/2 mouse device common for all mice
[    0.475089] input: AT Translated Set 2 keyboard as /devices/platform/i8042/serio0/input/input2
[    0.476075] rtc_cmos rtc_cmos: rtc core: registered rtc_cmos as rtc0
[    0.476918] rtc_cmos rtc_cmos: alarms up to one day, 114 bytes nvram
[    0.477611] i2c /dev entries driver
[    0.478063] device-mapper: uevent: version 1.0.3
[    0.478645] device-mapper: ioctl: 4.37.0-ioctl (2017-09-20) initialised: dm-devel@redhat.com
[    0.479635] ledtrig-cpu: registered to indicate activity on CPUs
[    0.480704] NET: Registered protocol family 10
[    0.483710] Segment Routing with IPv6
[    0.484176] NET: Registered protocol family 17
[    0.484770] Key type dns_resolver registered
[    0.485405] mce: Using 0 MCE banks
[    0.485834] RAS: Correctable Errors collector initialized.
[    0.486452] sched_clock: Marking stable (485384739, 0)->(612727406, -127342667)
[    0.487517] registered taskstats version 1
[    0.488011] Loading compiled-in X.509 certificates
[    0.489867] Loaded X.509 cert 'Build time autogenerated kernel key: f60a4c8d126e94dbf36c5faa43fb49029eeea9a9'
[    0.491305] Loaded X.509 cert 'Canonical Ltd. Live Patch Signing: 14df34d1a87cf37625abec039ef2bf521249b969'
[    0.492719] Loaded X.509 cert 'Canonical Ltd. Kernel Module Signing: 88f752e560a1e0737e31163a466ad7b70a850c19'
[    0.493825] zswap: loaded using pool lzo/zbud
[    0.496311] Key type big_key registered
[    0.496784] Key type trusted registered
[    0.498178] Key type encrypted registered
[    0.498663] AppArmor: AppArmor sha1 policy hashing enabled
[    0.499292] ima: No TPM chip found, activating TPM-bypass! (rc=-19)
[    0.499986] ima: Allocated hash algorithm: sha1
[    0.500509] evm: HMAC attrs: 0x1
[    0.501078]   Magic number: 10:477:190
[    0.501628] rtc_cmos rtc_cmos: setting system clock to 2022-02-13 18:10:14 UTC (1644775814)
[    0.502716] BIOS EDD facility v0.16 2004-Jun-25, 0 devices found
[    0.503415] EDD information not available.
[    0.647820] Freeing unused kernel image memory: 2448K
[    0.707244] Write protecting the kernel read-only data: 20480k
[    0.708543] Freeing unused kernel image memory: 2008K
[    0.709410] Freeing unused kernel image memory: 1824K
[    0.713655] x86/mm: Checked W+X mappings: passed, no W+X pages found.
Loading, please wait...
starting version 237
[    0.753199] e1000: Intel(R) PRO/1000 Network Driver - version 7.3.21-k8-NAPI
[    0.754055] e1000: Copyright (c) 1999-2006 Intel Corporation.
[    0.757265] Fusion MPT base driver 3.04.20
[    0.757773] Copyright (c) 1999-2008 LSI Corporation
[    0.760475] Fusion MPT SPI Host driver 3.04.20
[    0.774636] AVX2 version of gcm_enc/dec engaged.
[    0.775455] AES CTR mode by8 optimization enabled
[    0.965471] input: ImExPS/2 Generic Explorer Mouse as /devices/platform/i8042/serio1/input/input4
[    1.126932] e1000 0000:00:03.0 eth0: (PCI:33MHz:32-bit) 02:29:e0:c3:be:94
[    1.127766] e1000 0000:00:03.0 eth0: Intel(R) PRO/1000 Network Connection
[    1.129092] mptbase: ioc0: Initiating bringup
[    1.129413] e1000 0000:00:03.0 enp0s3: renamed from eth0
[    1.564305] ioc0: LSI53C1030 A0: Capabilities={Initiator}
[    2.202258] scsi host2: ioc0: LSI53C1030 A0, FwRev=00000000h, Ports=1, MaxQ=256, IRQ=20
[    3.176784] scsi 2:0:0:0: Direct-Access     VBOX     HARDDISK         1.0  PQ: 0 ANSI: 5
[    3.208673] scsi target2:0:0: Beginning Domain Validation
[    3.210092] scsi target2:0:0: Domain Validation skipping write tests
[    3.210910] scsi target2:0:0: Ending Domain Validation
[    3.211493] scsi target2:0:0: asynchronous
[    3.212384] scsi 2:0:1:0: Direct-Access     VBOX     HARDDISK         1.0  PQ: 0 ANSI: 5
[    3.839073] scsi target2:0:1: Beginning Domain Validation
[    3.840782] scsi target2:0:1: Domain Validation skipping write tests
[    3.842315] scsi target2:0:1: Ending Domain Validation
[    3.842916] random: fast init done
[    3.843341] scsi target2:0:1: asynchronous
[    3.845944] random: systemd-udevd: uninitialized urandom read (16 bytes read)
[    3.846058] sd 2:0:0:0: Attached scsi generic sg0 type 0
[    3.846774] random: systemd-udevd: uninitialized urandom read (16 bytes read)
[    3.847445] sd 2:0:1:0: Attached scsi generic sg1 type 0
[    3.848174] random: systemd-udevd: uninitialized urandom read (16 bytes read)
[    3.848968] sd 2:0:0:0: [sda] 83886080 512-byte logical blocks: (42.9 GB/40.0 GiB)
[    3.850889] sd 2:0:0:0: [sda] Write Protect is off
[    3.851618] sd 2:0:1:0: [sdb] 20480 512-byte logical blocks: (10.5 MB/10.0 MiB)
[    3.851620] sd 2:0:0:0: [sda] Incomplete mode parameter data
[    3.853166] sd 2:0:0:0: [sda] Assuming drive cache: write through
[    3.853178] sd 2:0:1:0: [sdb] Write Protect is off
[    3.854776] sd 2:0:1:0: [sdb] Incomplete mode parameter data
[    3.855568] sd 2:0:1:0: [sdb] Assuming drive cache: write through
[    3.856129]  sda: sda1
[    3.857327] sd 2:0:0:0: [sda] Attached SCSI disk
[    3.858722] sd 2:0:1:0: [sdb] Attached SCSI disk
Begin: Loading essential drivers ... [    5.269042] raid6: sse2x1   gen()  6411 MB/s
[    5.316916] raid6: sse2x1   xor() 12374 MB/s
[    5.365790] raid6: sse2x2   gen() 11661 MB/s
[    5.412703] raid6: sse2x2   xor() 15228 MB/s
[    5.460591] raid6: sse2x4   gen() 17100 MB/s
[    5.508439] raid6: sse2x4   xor() 10513 MB/s
[    5.556319] raid6: avx2x1   gen() 15592 MB/s
[    5.604217] raid6: avx2x1   xor() 22958 MB/s
[    5.652127] raid6: avx2x2   gen() 28265 MB/s
[    5.700032] raid6: avx2x2   xor() 29245 MB/s
[    5.748016] raid6: avx2x4   gen() 34750 MB/s
[    5.796695] raid6: avx2x4   xor() 16011 MB/s
[    5.797243] raid6: using algorithm avx2x4 gen() 34750 MB/s
[    5.797858] raid6: .... xor() 16011 MB/s, rmw enabled
[    5.798415] raid6: using avx2x2 recovery algorithm
[    5.799660] xor: automatically using best checksumming function   avx       
[    5.800993] async_tx: api initialized (async)
done.
Begin: Running /scripts/init-premount ... done.
Begin: Mounting root file system ... Begin: Running /scripts/local-top ... done.
Begin: Running /scripts/local-premount ... [    5.829646] Btrfs loaded, crc32c=crc32c-intel
Scanning for Btrfs filesystems
done.
Warning: fsck not present, so skipping root file system
[    5.857662] EXT4-fs (sda1): mounted filesystem with ordered data mode. Opts: (null)
done.
Begin: Running /scripts/local-bottom ... done.
Begin: Running /scripts/init-bottom ... done.
[    5.962814] ip_tables: (C) 2000-2006 Netfilter Core Team
[    5.968448] systemd[1]: systemd 237 running in system mode. (+PAM +AUDIT +SELINUX +IMA +APPARMOR +SMACK +SYSVINIT +UTMP +LIBCRYPTSETUP +GCRYPT +GNUTLS +ACL +XZ +LZ4 +SECCOMP +BLKID +ELFUTILS +KMOD -IDN2 +IDN -PCRE2 default-hierarchy=hybrid)
[    5.970765] systemd[1]: Detected virtualization oracle.
[    5.971372] systemd[1]: Detected architecture x86-64.

Welcome to [1mUbuntu 18.04.6 LTS[0m!

[    5.976342] systemd[1]: Set hostname to <ubuntu>.
[    5.978598] systemd[1]: Initializing machine ID from random generator.
[    5.979359] systemd[1]: Installed transient /etc/machine-id file.
[    6.160315] systemd[1]: Created slice System Slice.
[[0;32m  OK  [0m] Created slice System Slice.
[    6.161251] systemd[1]: Started Forward Password Requests to Wall Directory Watch.
[[0;32m  OK  [0m] Started Forward Password Requests to Wall Directory Watch.
[    6.162636] systemd[1]: Listening on udev Control Socket.
[[0;32m  OK  [0m] Listening on udev Control Socket.
[    6.163837] systemd[1]: Created slice system-serial\x2dgetty.slice.
[[0;32m  OK  [0m] Created slice system-serial\x2dgetty.slice.
[[0;32m  OK  [0m] Created slice User and Session Slice.
[[0;32m  OK  [0m] Reached target Slices.
[[0;32m  OK  [0m] Listening on Journal Socket.
         Starting Create list of required st…ce nodes for the current kernel...
[[0;32m  OK  [0m] Reached target User and Group Name Lookups.
         Mounting Kernel Debug File System...
[[0;32m  OK  [0m] Listening on Journal Audit Socket.
[[0;32m  OK  [0m] Listening on Network Service Netlink Socket.
[[0;32m  OK  [0m] Reached target System Time Synchronized.
[[0;32m  OK  [0m] Listening on Syslog Socket.
[[0;32m  OK  [0m] Listening on LVM2 poll daemon socket.
         Starting Uncomplicated firewall...
         Starting Set the console keyboard layout...
[[0;32m  OK  [0m] Listening on fsck to fsckd communication Socket.
         Starting File System Check on Root Device...
[[0;32m  OK  [0m] Set up automount Arbitrary Executab…rmats File System Automount Point.
         Starting Load Kernel Modules...
[[0;32m  OK  [0m] Listening on /dev/initctl Compatibility Named Pipe.
         Mounting POSIX Message Queue File System...
[[0;32m  OK  [0m] Reached target Swap.
[[0;32m  OK  [0m] Listening on LVM2 metadata daemon socket.
[[0;32m  OK  [0m] Listening on Device-mapper event daemon FIFOs.
[[0;32m  OK  [0m] Listening on Journal Socket (/dev/log).
         Starting Journal Service...
         Mounting Huge Pages File System...
         Starting Monitoring of LVM2 mirrors…ng dmeventd or progress polling...
[[0;32m  OK  [0m] Listening on udev Kernel Socket.
         Starting udev Coldplug all Devices...
[[0;32m  OK  [0m] Started Create list of required sta…vice nodes for the current kernel.
[[0;32m  OK  [0m] Mounted Kernel Debug File System.
[[0;32m  OK  [0m] Started Uncomplicated firewall.
[[0;32m  OK  [0m] Mounted POSIX Message Queue File System.
[[0;32m  OK  [0m] Mounted Huge Pages File System.
[[0;32m  OK  [0m] Started File System Check Daemon to report status.
         Starting Create Static Device Nodes in /dev...
[    6.264990] Loading iSCSI transport class v2.0-870.
[    6.268490] iscsi: registered transport (tcp)
[    6.277816] iscsi: registered transport (iser)
[[0;32m  OK  [0m] Started Load Kernel Modules.
         Mounting Kernel Configuration File System...
         Starting Apply Kernel Variables...
         Mounting FUSE Control File System...
[[0;32m  OK  [0m] Mounted Kernel Configuration File System.
[[0;32m  OK  [0m] Mounted FUSE Control File System.
[[0;32m  OK  [0m] Started Journal Service.
[[0;32m  OK  [0m] Started LVM2 metadata daemon.
[[0;32m  OK  [0m] Started File System Check on Root Device.
         Starting Remount Root and Kernel File Systems...
[[0;32m  OK  [0m] Started udev Coldplug all Devices.
[[0;32m  OK  [0m] Started Create Static Device Nodes in /dev.
[[0;32m  OK  [0m] Started Apply Kernel Variables.
[[0;32m  OK  [0m] Started Remount Root and Kernel File Systems.
         Starting Load/Save Random Seed...
         Starting udev Kernel Device Manager...
         Starting Flush Journal to Persistent Storage...
[[0;32m  OK  [0m] Started Monitoring of LVM2 mirrors,…sing dmeventd or progress polling.
[[0;32m  OK  [0m] Started Load/Save Random Seed.
[[0;32m  OK  [0m] Started udev Kernel Device Manager.
[[0;32m  OK  [0m] Started Flush Journal to Persistent Storage.
[[0;32m  OK  [0m] Found device /dev/ttyS0.
[[0;32m  OK  [0m] Listening on Load/Save RF Kill Switch Status /dev/rfkill Watch.
[[0;32m  OK  [0m] Started Set the console keyboard layout.
[[0;32m  OK  [0m] Started Dispatch Password Requests to Console Directory Watch.
[[0;32m  OK  [0m] Reached target Local Encrypted Volumes.
[[0;32m  OK  [0m] Reached target Local File Systems (Pre).
[[0;32m  OK  [0m] Reached target Local File Systems.
         Starting Create Volatile Files and Directories...
         Starting Tell Plymouth To Write Out Runtime Data...
         Starting Commit a transient machine-id on disk...
         Starting Set console font and keymap...
         Starting AppArmor initialization...
         Starting ebtables ruleset management...
[[0;32m  OK  [0m] Started Create Volatile Files and Directories.
         Starting Update UTMP about System Boot/Shutdown...
[[0;32m  OK  [0m] Started Tell Plymouth To Write Out Runtime Data.
[[0;32m  OK  [0m] Started Update UTMP about System Boot/Shutdown.
[[0;32m  OK  [0m] Started ebtables ruleset management.
[[0;32m  OK  [0m] Started Commit a transient machine-id on disk.
[[0;32m  OK  [0m] Started Set console font and keymap.
[[0;32m  OK  [0m] Started AppArmor initialization.
         Starting Initial cloud-init job (pre-networking)...
         Starting Load AppArmor profiles managed internally by snapd...
[[0;32m  OK  [0m] Started Load AppArmor profiles managed internally by snapd.
[    9.297715] cloud-init[875]: Cloud-init v. 21.4-0ubuntu1~18.04.1 running 'init-local' at Sun, 13 Feb 2022 18:10:22 +0000. Up 8.96 seconds.
[[0;32m  OK  [0m] Started Initial cloud-init job (pre-networking).
[[0;32m  OK  [0m] Reached target Network (Pre).
         Starting Network Service...
[[0;32m  OK  [0m] Started Network Service.
         Starting Wait for Network to be Configured...
         Starting Network Name Resolution...
[[0;32m  OK  [0m] Started Network Name Resolution.
[[0;32m  OK  [0m] Reached target Network.
[[0;32m  OK  [0m] Reached target Host and Network Name Lookups.
[[0;32m  OK  [0m] Started Wait for Network to be Configured.
         Starting Initial cloud-init job (metadata service crawler)...
[   11.643654] cloud-init[1019]: Cloud-init v. 21.4-0ubuntu1~18.04.1 running 'init' at Sun, 13 Feb 2022 18:10:25 +0000. Up 11.50 seconds.
[   11.645189] cloud-init[1019]: ci-info: ++++++++++++++++++++++++++++++++++++++Net device info++++++++++++++++++++++++++++++++++++++
[   11.646227] cloud-init[1019]: ci-info: +--------+------+----------------------------+---------------+--------+-------------------+
[   11.647061] cloud-init[1019]: ci-info: | Device |  Up  |          Address           |      Mask     | Scope  |     Hw-Address    |
[   11.647867] cloud-init[1019]: ci-info: +--------+------+----------------------------+---------------+--------+-------------------+
[   11.649018] cloud-init[1019]: ci-info: | enp0s3 | True |         10.0.2.15          | 255.255.255.0 | global | 02:29:e0:c3:be:94 |
[   11.649968] cloud-init[1019]: ci-info: | enp0s3 | True | fe80::29:e0ff:fec3:be94/64 |       .       |  link  | 02:29:e0:c3:be:94 |
[   11.650709] cloud-init[1019]: ci-info: |   lo   | True |         127.0.0.1          |   255.0.0.0   |  host  |         .         |
[   11.651543] cloud-init[1019]: ci-info: |   lo   | True |          ::1/128           |       .       |  host  |         .         |
[   11.652320] cloud-init[1019]: ci-info: +--------+------+----------------------------+---------------+--------+-------------------+
[   11.652963] cloud-init[1019]: ci-info: ++++++++++++++++++++++++++++Route IPv4 info+++++++++++++++++++++++++++++
[   11.653659] cloud-init[1019]: ci-info: +-------+-------------+----------+-----------------+-----------+-------+
[   11.654284] cloud-init[1019]: ci-info: | Route | Destination | Gateway  |     Genmask     | Interface | Flags |
[   11.654864] cloud-init[1019]: ci-info: +-------+-------------+----------+-----------------+-----------+-------+
[   11.655546] cloud-init[1019]: ci-info: |   0   |   0.0.0.0   | 10.0.2.2 |     0.0.0.0     |   enp0s3  |   UG  |
[   11.656282] cloud-init[1019]: ci-info: |   1   |   10.0.2.0  | 0.0.0.0  |  255.255.255.0  |   enp0s3  |   U   |
[   11.656980] cloud-init[1019]: ci-info: |   2   |   10.0.2.2  | 0.0.0.0  | 255.255.255.255 |   enp0s3  |   UH  |
[   11.657685] cloud-init[1019]: ci-info: +-------+-------------+----------+-----------------+-----------+-------+
[   11.658359] cloud-init[1019]: ci-info: +++++++++++++++++++Route IPv6 info+++++++++++++++++++
[   11.658943] cloud-init[1019]: ci-info: +-------+-------------+---------+-----------+-------+
[   11.659563] cloud-init[1019]: ci-info: | Route | Destination | Gateway | Interface | Flags |
[   11.660194] cloud-init[1019]: ci-info: +-------+-------------+---------+-----------+-------+
[   11.660801] cloud-init[1019]: ci-info: |   1   |  fe80::/64  |    ::   |   enp0s3  |   U   |
[   11.661405] cloud-init[1019]: ci-info: |   3   |    local    |    ::   |   enp0s3  |   U   |
[   11.662023] cloud-init[1019]: ci-info: |   4   |   ff00::/8  |    ::   |   enp0s3  |   U   |
[   11.662563] cloud-init[1019]: ci-info: +-------+-------------+---------+-----------+-------+
[   12.627876] cloud-init[1019]: Generating public/private rsa key pair.
[   12.628817] cloud-init[1019]: Your identification has been saved in /etc/ssh/ssh_host_rsa_key.
[   12.629546] cloud-init[1019]: Your public key has been saved in /etc/ssh/ssh_host_rsa_key.pub.
[   12.630232] cloud-init[1019]: The key fingerprint is:
[   12.630646] cloud-init[1019]: SHA256:ZhG7L/2Hg62L/i+fI1WY70+EXqsqRVoqlPkPOSe5OAE root@ubuntu-bionic
[   12.631319] cloud-init[1019]: The key's randomart image is:
[   12.631827] cloud-init[1019]: +---[RSA 2048]----+
[   12.632311] cloud-init[1019]: |        .        |
[   12.632693] cloud-init[1019]: |         o       |
[   12.633109] cloud-init[1019]: |        =    o   |
[   12.633519] cloud-init[1019]: |     E + o oo .. |
[   12.633883] cloud-init[1019]: |      o S B  o. o|
[   12.634330] cloud-init[1019]: |       = % o...o.|
[   12.634755] cloud-init[1019]: |        = @+ o...|
[   12.635143] cloud-init[1019]: |       o =+o=.+. |
[   12.635557] cloud-init[1019]: |       .+.=O*= ..|
[   12.636000] cloud-init[1019]: +----[SHA256]-----+
[   12.636462] cloud-init[1019]: Generating public/private dsa key pair.
[   12.637056] cloud-init[1019]: Your identification has been saved in /etc/ssh/ssh_host_dsa_key.
[   12.637595] cloud-init[1019]: Your public key has been saved in /etc/ssh/ssh_host_dsa_key.pub.
[   12.638187] cloud-init[1019]: The key fingerprint is:
[   12.638603] cloud-init[1019]: SHA256:xuuhuZ1ARjdo1Fzm64FBDfHZDDz/bfY7mljT7uzYKUQ root@ubuntu-bionic
[   12.639254] cloud-init[1019]: The key's randomart image is:
[   12.639689] cloud-init[1019]: +---[DSA 1024]----+
[   12.640104] cloud-init[1019]: |      .o+*+      |
[   12.640547] cloud-init[1019]: |     . oo++=     |
[   12.640959] cloud-init[1019]: |      + + +oo    |
[   12.641358] cloud-init[1019]: |     o o + ..E   |
[   12.641776] cloud-init[1019]: |      o S o .. . |
[   12.642165] cloud-init[1019]: |     o . o . .o +|
[   12.642550] cloud-init[1019]: |      . o . .o +.|
[   12.642964] cloud-init[1019]: |       * o  o.B.o|
[   12.643346] cloud-init[1019]: |      +.+  . +=Oo|
[   12.643848] cloud-init[1019]: +----[SHA256]-----+
[   12.644281] cloud-init[1019]: Generating public/private ecdsa key pair.
[   12.644775] cloud-init[1019]: Your identification has been saved in /etc/ssh/ssh_host_ecdsa_key.
[   12.660361] cloud-init[1019]: Your public key has been saved in /etc/ssh/ssh_host_ecdsa_key.pub.
[   12.661117] cloud-init[1019]: The key fingerprint is:
[   12.661573] cloud-init[1019]: SHA256:DAMQN3W+KMuCVD3KTJe+M6EKlXPKxL9dx/ZwpWgObL8 root@ubuntu-bionic
[   12.662201] cloud-init[1019]: The key's randomart image is:
[   12.662662] cloud-init[1019]: +---[ECDSA 256]---+
[   12.663063] cloud-init[1019]: |  oo+.. .        |
[   12.663444] cloud-init[1019]: |   ..o.o         |
[   12.663850] cloud-init[1019]: |   o =o .        |
[   12.664300] cloud-init[1019]: | .=.+ .= .       |
[   12.664728] cloud-init[1019]: | .*+oo. S     .  |
[   12.665136] cloud-init[1019]: |.= *.oo. . . o   |
[   12.665531] cloud-init[1019]: |o +.++  = B o    |
[   12.665949] cloud-init[1019]: |. .. ooo B +     |
[   12.666385] cloud-init[1019]: | .  . .   E..    |
[   12.666808] cloud-init[1019]: +----[SHA256]-----+
[   12.667231] cloud-init[1019]: Generating public/private ed25519 key pair.
[   12.667748] cloud-init[1019]: Your identification has been saved in /etc/ssh/ssh_host_ed25519_key.
[   12.668407] cloud-init[1019]: Your public key has been saved in /etc/ssh/ssh_host_ed25519_key.pub.
[   12.669038] cloud-init[1019]: The key fingerprint is:
[   12.669479] cloud-init[1019]: SHA256:QBdrRUJvS/7prXQfhV/SZOMQzVrFHRKE6dXFiiNO6eA root@ubuntu-bionic
[   12.670138] cloud-init[1019]: The key's randomart image is:
[   12.670551] cloud-init[1019]: +--[ED25519 256]--+
[   12.670931] cloud-init[1019]: |      ..=oo +==+B|
[   12.671320] cloud-init[1019]: |     . . = o .o=+|
[   12.671823] cloud-init[1019]: |      . o =..oooo|
[   12.672243] cloud-init[1019]: |       o.++oo.+=.|
[   12.672612] cloud-init[1019]: |       .S=o. .o.+|
[   12.672951] cloud-init[1019]: |        E o. . oo|
[   12.673385] cloud-init[1019]: |            + ...|
[   12.673819] cloud-init[1019]: |           o o ..|
[   12.674345] cloud-init[1019]: |            o.. .|
[   12.674771] cloud-init[1019]: +----[SHA256]-----+
[[0;32m  OK  [0m] Started Initial cloud-init job (metadata service crawler).
[[0;32m  OK  [0m] Reached target Network is Online.
         Starting Availability of block devices...
[[0;32m  OK  [0m] Reached target Remote File Systems (Pre).
[[0;32m  OK  [0m] Reached target Remote File Systems.
[[0;32m  OK  [0m] Reached target System Initialization.
[[0;32m  OK  [0m] Started Ubuntu Advantage Timer for running repeated jobs.
         Starting LXD - unix socket.
[[0;32m  OK  [0m] Started Discard unused blocks once a week.
[[0;32m  OK  [0m] Listening on ACPID Listen Socket.
[[0;32m  OK  [0m] Started Daily apt download activities.
[[0;32m  OK  [0m] Started ACPI Events Check.
[[0;32m  OK  [0m] Listening on Open-iSCSI iscsid Socket.
[[0;32m  OK  [0m] Started Daily apt upgrade and clean activities.
[[0;32m  OK  [0m] Started Trigger to poll for Ubuntu …(Only enabled on GCP LTS non-pro).
[[0;32m  OK  [0m] Reached target Paths.
[[0;32m  OK  [0m] Listening on D-Bus System Message Bus Socket.
[[0;32m  OK  [0m] Started Daily Cleanup of Temporary Directories.
[[0;32m  OK  [0m] Listening on cloud-init hotplug hook socket.
[[0;32m  OK  [0m] Started Message of the Day.
[[0;32m  OK  [0m] Reached target Timers.
         Starting Socket activation for snappy daemon.
[[0;32m  OK  [0m] Listening on UUID daemon activation socket.
[[0;32m  OK  [0m] Reached target Cloud-config availability.
[[0;32m  OK  [0m] Started Availability of block devices.
[[0;32m  OK  [0m] Listening on LXD - unix socket.
[[0;32m  OK  [0m] Listening on Socket activation for snappy daemon.
[[0;32m  OK  [0m] Reached target Sockets.
[[0;32m  OK  [0m] Reached target Basic System.
         Starting Accounts Service...
[[0;32m  OK  [0m] Started Deferred execution scheduler.
[[0;32m  OK  [0m] Started D-Bus System Message Bus.
[[0;32m  OK  [0m] Started irqbalance daemon.
         Starting LSB: automatic crash report generation...
         Starting Pollinate to seed the pseudo random number generator...
         Starting LSB: Record successful boot for GRUB...
         Starting Dispatcher daemon for systemd-networkd...
         Starting System Logging Service...
[[0;32m  OK  [0m] Started FUSE filesystem for LXC.
         Starting Permit User Sessions...
         Starting Login Service...
[[0;32m  OK  [0m] Started Regular background program processing daemon.
         Starting Virtualbox guest utils...
         Starting Snap Daemon...
         Starting LXD - container startup/shutdown...
[[0;32m  OK  [0m] Started System Logging Service.
[[0;32m  OK  [0m] Started Permit User Sessions.
[[0;32m  OK  [0m] Started Login Service.
[[0;32m  OK  [0m] Started Unattended Upgrades Shutdown.
         Starting Hold until boot process finishes up...
         Starting Terminate Plymouth Boot Screen...
         Starting Authorization Manager...
[[0;32m  OK  [0m] Started Hold until boot process finishes up.
[[0;32m  OK  [0m] Started Serial Getty on ttyS0.
         Starting Set console scheme...
[[0;32m  OK  [0m] Started Terminate Plymouth Boot Screen.
[[0;32m  OK  [0m] Started LSB: automatic crash report generation.
[[0;32m  OK  [0m] Started Authorization Manager.
[[0;32m  OK  [0m] Started Accounts Service.
[[0;32m  OK  [0m] Started Set console scheme.
[[0;32m  OK  [0m] Created slice system-getty.slice.
[[0;32m  OK  [0m] Started Getty on tty1.
[[0;32m  OK  [0m] Reached target Login Prompts.
[[0;32m  OK  [0m] Started LSB: Record successful boot for GRUB.
[[0;32m  OK  [0m] Started LXD - container startup/shutdown.
[[0;32m  OK  [0m] Started Virtualbox guest utils.
[[0;32m  OK  [0m] Started Dispatcher daemon for systemd-networkd.
[[0;32m  OK  [0m] Started Snap Daemon.
         Starting Wait until snapd is fully seeded...
[[0;32m  OK  [0m] Started Pollinate to seed the pseudo random number generator.
         Starting OpenBSD Secure Shell server...
[[0;32m  OK  [0m] Started OpenBSD Secure Shell server.
[[0;32m  OK  [0m] Created slice User Slice of vagrant.
         Starting User Manager for UID 1000...
[[0;32m  OK  [0m] Started Session 1 of user vagrant.
[[0;32m  OK  [0m] Started User Manager for UID 1000.
[[0;32m  OK  [0m] Started Wait until snapd is fully seeded.
         Starting Apply the settings specified in cloud-config...
[[0;32m  OK  [0m] Reached target Multi-User System.
[[0;32m  OK  [0m] Reached target Graphical Interface.
         Starting Update UTMP about System Runlevel Changes...
[[0;32m  OK  [0m] Started Update UTMP about System Runlevel Changes.
[   16.411703] cloud-init[1732]: Cloud-init v. 21.4-0ubuntu1~18.04.1 running 'modules:config' at Sun, 13 Feb 2022 18:10:30 +0000. Up 16.08 seconds.
[[0;32m  OK  [0m] Started Apply the settings specified in cloud-config.
         Starting Execute cloud user/final scripts...
ci-info: no authorized SSH keys fingerprints found for user ubuntu.
<14>Feb 13 18:10:31 cloud-init: #############################################################
<14>Feb 13 18:10:31 cloud-init: -----BEGIN SSH HOST KEY FINGERPRINTS-----
<14>Feb 13 18:10:31 cloud-init: 1024 SHA256:xuuhuZ1ARjdo1Fzm64FBDfHZDDz/bfY7mljT7uzYKUQ root@ubuntu-bionic (DSA)
<14>Feb 13 18:10:31 cloud-init: 256 SHA256:DAMQN3W+KMuCVD3KTJe+M6EKlXPKxL9dx/ZwpWgObL8 root@ubuntu-bionic (ECDSA)
<14>Feb 13 18:10:31 cloud-init: 256 SHA256:QBdrRUJvS/7prXQfhV/SZOMQzVrFHRKE6dXFiiNO6eA root@ubuntu-bionic (ED25519)
<14>Feb 13 18:10:31 cloud-init: 2048 SHA256:ZhG7L/2Hg62L/i+fI1WY70+EXqsqRVoqlPkPOSe5OAE root@ubuntu-bionic (RSA)
<14>Feb 13 18:10:31 cloud-init: -----END SSH HOST KEY FINGERPRINTS-----
<14>Feb 13 18:10:31 cloud-init: #############################################################
-----BEGIN SSH HOST KEY KEYS-----
ecdsa-sha2-nistp256 AAAAE2VjZHNhLXNoYTItbmlzdHAyNTYAAAAIbmlzdHAyNTYAAABBBDkTRiAggXUS0cNyePKDwUvVYFOI301vZ1Nl1wy1kLyUM7JrbTW6v4SjHbNXxbCLNgZ5YyfZtaEi5U64JyeoU3k= root@ubuntu-bionic
ssh-ed25519 AAAAC3NzaC1lZDI1NTE5AAAAIAcDgJMJFXAHGHZ9tLeCq80O6bhZ+sXXRVm4fVXEocnO root@ubuntu-bionic
ssh-rsa AAAAB3NzaC1yc2EAAAADAQABAAABAQCilELK2IXIE0nuU9trEx3N+Jse6tazpqrS8DKd9HJ7VakrmSvDCBj1h7i5uRwOAwL9jeAUlHcwG4kLM9lqn58K5ZAbtE1dZwJCIp8QwThkGfVCkTrYibWIpX/lHb24NOBwSeP0RnBx9YPGDxUJyULcfWTicqPqJNsIXHbo2pr/nd8qBTROy2YkATEfJUZdWhZxXx4bou7AgmjFljJ+4xyaGzek81oCJJZ/Q6w3se3svIG5yEERcIqeg9qHOreoxAjjrfwvbgRZwA6aWdZ56DPKE9IUVozC7s9OC0HkZK/egUfnIEll5W4Mxw3sXjBAHrquPwmy0uOc0i0bRUzurIrR root@ubuntu-bionic
-----END SSH HOST KEY KEYS-----
[   17.063531] cloud-init[1839]: Cloud-init v. 21.4-0ubuntu1~18.04.1 running 'modules:final' at Sun, 13 Feb 2022 18:10:30 +0000. Up 16.90 seconds.
[   17.064464] cloud-init[1839]: ci-info: no authorized SSH keys fingerprints found for user ubuntu.
[   17.065261] cloud-init[1839]: Cloud-init v. 21.4-0ubuntu1~18.04.1 finished at Sun, 13 Feb 2022 18:10:31 +0000. Datasource DataSourceNoCloud [seed=/dev/sdb][dsmode=net].  Up 17.05 seconds
[[0;32m  OK  [0m] Started Execute cloud user/final scripts.
[[0;32m  OK  [0m] Reached target Cloud-init target.

Ubuntu 18.04.6 LTS ubuntu-bionic ttyS0

ubuntu-bionic login: 